<?xml version="1.0" encoding="UTF-8"?>
<!-- Generated by org.testng.reporters.JUnitReportReporter -->
<testsuite hostname="DESKTOP-KJQ2J7E" failures="0" tests="1" name="Test_Layer.adminpagetest" time="4.984" errors="0" timestamp="2021-05-18T15:51:41 IST" skipped="0">
  <testcase classname="Test_Layer.adminpagetest" name="userinfo" time="4.984"/>
  <system-out/>
</testsuite> <!-- Test_Layer.adminpagetest -->
