<?xml version="1.0" encoding="UTF-8"?>
<!-- Generated by org.testng.reporters.JUnitReportReporter -->
<testsuite hostname="DESKTOP-KJQ2J7E" failures="0" tests="1" name="Test_Layer.logintest" time="34.535" errors="0" timestamp="16 May 2021 17:20:41 GMT">
  <testcase classname="Test_Layer.logintest" name="loginFunctionality" time="34.535"/>
</testsuite> <!-- Test_Layer.logintest -->
