<?xml version="1.0" encoding="UTF-8"?>
<!-- Generated by org.testng.reporters.JUnitReportReporter -->
<testsuite hostname="DESKTOP-KJQ2J7E" failures="0" tests="3" name="Test_Layer.Ohm_directoryTest" time="65.324" errors="0" timestamp="2021-05-17T19:37:36 IST" skipped="0">
  <testcase classname="Test_Layer.Ohm_directoryTest" name="empname" time="17.630"/>
  <system-out/>
  <testcase classname="Test_Layer.Ohm_directoryTest" name="verification" time="16.769"/>
  <system-out/>
  <testcase classname="Test_Layer.Ohm_directoryTest" name="directory" time="30.925"/>
  <system-out/>
</testsuite> <!-- Test_Layer.Ohm_directoryTest -->
