<?xml version="1.0" encoding="UTF-8"?>
<!-- Generated by org.testng.reporters.JUnitReportReporter -->
<testsuite hostname="DESKTOP-KJQ2J7E" failures="0" tests="2" name="Test_Layer.homepagetest" time="52.851" errors="0" timestamp="2021-05-18T14:51:14 IST" skipped="0">
  <testcase classname="Test_Layer.homepagetest" name="URl" time="31.169"/>
  <system-out/>
  <testcase classname="Test_Layer.homepagetest" name="verifyHomepage" time="21.682"/>
  <system-out/>
</testsuite> <!-- Test_Layer.homepagetest -->
